[debug] [2020-10-12T12:19:47.022Z] ----------------------------------------------------------------------
[debug] [2020-10-12T12:19:47.024Z] Command:       C:\Program Files\nodejs\node.exe C:\Users\Antoh\AppData\Roaming\npm\node_modules\firebase-tools\lib\bin\firebase.js emulators:start
[debug] [2020-10-12T12:19:47.024Z] CLI Version:   8.12.1
[debug] [2020-10-12T12:19:47.025Z] Platform:      win32
[debug] [2020-10-12T12:19:47.025Z] Node Version:  v14.0.0
[debug] [2020-10-12T12:19:47.026Z] Time:          Mon Oct 12 2020 15:19:47 GMT+0300 (East Africa Time)
[debug] [2020-10-12T12:19:47.026Z] ----------------------------------------------------------------------
[debug] [2020-10-12T12:19:47.026Z] 
[debug] [2020-10-12T12:19:47.040Z] > command requires scopes: ["email","openid","https://www.googleapis.com/auth/cloudplatformprojects.readonly","https://www.googleapis.com/auth/firebase","https://www.googleapis.com/auth/cloud-platform"]
[debug] [2020-10-12T12:19:47.040Z] > authorizing via signed-in user
[info] i  emulators: Starting emulators: functions {"metadata":{"emulator":{"name":"hub"},"message":"Starting emulators: functions"}}
[debug] [2020-10-12T12:19:49.146Z] [hub] writing locator at C:\Users\Antoh\AppData\Local\Temp\hub-clone-c35e9.json
[warn] !  functions: The following emulators are not running, calls to these services from the Functions emulator will affect production: auth, firestore, database, hosting, pubsub {"metadata":{"emulator":{"name":"functions"},"message":"The following emulators are not running, calls to these services from the Functions emulator will affect production: \u001b[1mauth, firestore, database, hosting, pubsub\u001b[22m"}}
[warn] !  Your requested "node" version "10" doesn't match your global version "14" {"metadata":{"emulator":{"name":"functions"},"message":"Your requested \"node\" version \"10\" doesn't match your global version \"14\""}}
[debug] [2020-10-12T12:19:51.250Z] defaultcredentials: writing to file C:\Users\Antoh\AppData\Roaming\firebase\antohnw_gmail_com_application_default_credentials.json
[debug] [2020-10-12T12:19:51.254Z] Setting GAC to C:\Users\Antoh\AppData\Roaming\firebase\antohnw_gmail_com_application_default_credentials.json {"metadata":{"emulator":{"name":"functions"},"message":"Setting GAC to C:\\Users\\Antoh\\AppData\\Roaming\\firebase\\antohnw_gmail_com_application_default_credentials.json"}}
[debug] [2020-10-12T12:19:55.342Z] Ignoring unsupported arg: auto_download {"metadata":{"emulator":{"name":"ui"},"message":"Ignoring unsupported arg: auto_download"}}
[debug] [2020-10-12T12:19:55.342Z] Ignoring unsupported arg: port {"metadata":{"emulator":{"name":"ui"},"message":"Ignoring unsupported arg: port"}}
[debug] [2020-10-12T12:19:55.343Z] Starting Emulator UI with command {"binary":"node","args":["C:\\Users\\Antoh\\.cache\\firebase\\emulators\\ui-v1.1.1\\server.bundle.js"],"optionalArgs":[],"joinArgs":false} {"metadata":{"emulator":{"name":"ui"},"message":"Starting Emulator UI with command {\"binary\":\"node\",\"args\":[\"C:\\\\Users\\\\Antoh\\\\.cache\\\\firebase\\\\emulators\\\\ui-v1.1.1\\\\server.bundle.js\"],\"optionalArgs\":[],\"joinArgs\":false}"}}
[info] i  ui: Emulator UI logging to ui-debug.log {"metadata":{"emulator":{"name":"ui"},"message":"Emulator UI logging to \u001b[1mui-debug.log\u001b[22m"}}
[debug] [2020-10-12T12:19:55.497Z] Web / API server started at http://localhost:4000
 {"metadata":{"emulator":{"name":"ui"},"message":"Web / API server started at http://localhost:4000\n"}}
[info] i  functions: Watching "C:\Users\Antoh\Documents\React-Project\amazon-clone\functions" for Cloud Functions... {"metadata":{"emulator":{"name":"functions"},"message":"Watching \"C:\\Users\\Antoh\\Documents\\React-Project\\amazon-clone\\functions\" for Cloud Functions..."}}
[debug] [2020-10-12T12:19:55.879Z] [worker-pool] addWorker(~diagnostic~) {"metadata":{"emulator":{"name":"functions"},"message":"[worker-pool] addWorker(~diagnostic~)"}}
[debug] [2020-10-12T12:19:55.880Z] [worker-pool] Adding worker with key ~diagnostic~, total=1 {"metadata":{"emulator":{"name":"functions"},"message":"[worker-pool] Adding worker with key ~diagnostic~, total=1"}}
[debug] [2020-10-12T12:19:55.880Z] [worker-pool] submitWork(triggerId=) {"metadata":{"emulator":{"name":"functions"},"message":"[worker-pool] submitWork(triggerId=)"}}
[debug] [2020-10-12T12:19:55.880Z] [worker-~diagnostic~-9e18c751-3270-473f-9255-1e99a8874e43]: Assigning socketPath: \\?\pipe\C:\Users\Antoh\Documents\React-Project\amazon-clone\functions\11624 {"metadata":{"emulator":{"name":"functions"},"message":"[worker-~diagnostic~-9e18c751-3270-473f-9255-1e99a8874e43]: Assigning socketPath: \\\\?\\pipe\\C:\\Users\\Antoh\\Documents\\React-Project\\amazon-clone\\functions\\11624"}}
[debug] [2020-10-12T12:19:55.881Z] [worker-~diagnostic~-9e18c751-3270-473f-9255-1e99a8874e43]: BUSY {"metadata":{"emulator":{"name":"functions"},"message":"[worker-~diagnostic~-9e18c751-3270-473f-9255-1e99a8874e43]: BUSY"}}
